<?xml version="1.0" encoding="UTF-8"?>
<testng-results ignored="0" total="1" passed="1" failed="0" skipped="0">
  <reporter-output>
  </reporter-output>
  <suite started-at="2022-05-04T21:26:45 IST" name="Default suite" finished-at="2022-05-04T21:27:03 IST" duration-ms="17807">
    <groups>
    </groups>
    <test started-at="2022-05-04T21:26:45 IST" name="Default test" finished-at="2022-05-04T21:27:03 IST" duration-ms="17807">
      <class name="FlipkartProduct">
        <test-method signature="flipkartProduct()[pri:0, instance:FlipkartProduct@485966cc]" started-at="2022-05-04T21:26:46 IST" name="flipkartProduct" finished-at="2022-05-04T21:27:03 IST" duration-ms="17780" status="PASS">
          <reporter-output>
          </reporter-output>
        </test-method> <!-- flipkartProduct -->
      </class> <!-- FlipkartProduct -->
    </test> <!-- Default test -->
  </suite> <!-- Default suite -->
</testng-results>
